
> my-v0-project@0.1.0 dev
> next dev

   ▲ Next.js 15.2.4
   - Local:        http://localhost:3000
   - Network:      http://10.255.255.254:3000
   - Environments: .env.local

 ✓ Starting...
 ✓ Ready in 19.6s
 ○ Compiling / ...
 ✓ Compiled / in 15.5s (937 modules)
 GET / 200 in 16705ms
 ✓ Compiled in 1433ms (422 modules)
 ✓ Compiled in 294ms (422 modules)
 ✓ Compiled in 290ms (422 modules)
 ✓ Compiled in 281ms (422 modules)
 ✓ Compiled in 255ms (422 modules)
 ✓ Compiled in 246ms (422 modules)
 ✓ Compiled in 250ms (422 modules)
 ✓ Compiled in 274ms (422 modules)
 ✓ Compiled in 244ms (422 modules)
 ✓ Compiled in 250ms (422 modules)
 ✓ Compiled in 246ms (422 modules)
 ✓ Compiled in 238ms (422 modules)
 ✓ Compiled in 249ms (422 modules)
 ✓ Compiled in 258ms (422 modules)
 ✓ Compiled in 228ms (422 modules)
 ✓ Compiled in 232ms (422 modules)
 ✓ Compiled in 255ms (422 modules)
 ✓ Compiled in 262ms (422 modules)
 ✓ Compiled in 238ms (422 modules)
 ✓ Compiled in 267ms (422 modules)
 ✓ Compiled in 233ms (422 modules)
 ✓ Compiled in 246ms (422 modules)
 ✓ Compiled in 225ms (422 modules)
 ✓ Compiled in 241ms (422 modules)
 ✓ Compiled in 233ms (422 modules)
 ✓ Compiled in 234ms (422 modules)
 ✓ Compiled in 235ms (422 modules)
 ✓ Compiled in 238ms (422 modules)
 ✓ Compiled in 245ms (422 modules)
 ✓ Compiled in 230ms (422 modules)
 ✓ Compiled in 271ms (422 modules)
 ✓ Compiled in 272ms (422 modules)
 ✓ Compiled in 281ms (422 modules)
 ✓ Compiled in 260ms (422 modules)
 ✓ Compiled in 259ms (422 modules)
 ✓ Compiled in 294ms (422 modules)
 ✓ Compiled in 232ms (422 modules)
 ✓ Compiled in 244ms (422 modules)
 ✓ Compiled in 231ms (422 modules)
 ✓ Compiled in 230ms (422 modules)
 ✓ Compiled in 236ms (422 modules)
 ✓ Compiled in 234ms (422 modules)
 ✓ Compiled in 221ms (422 modules)
 ✓ Compiled in 235ms (422 modules)
 ✓ Compiled in 237ms (422 modules)
 ✓ Compiled in 222ms (422 modules)
 ✓ Compiled in 226ms (422 modules)
 ✓ Compiled in 227ms (422 modules)
 ✓ Compiled in 219ms (422 modules)
 ✓ Compiled in 243ms (422 modules)
 ✓ Compiled in 225ms (422 modules)
 ✓ Compiled in 220ms (422 modules)
 ✓ Compiled in 230ms (422 modules)
 ✓ Compiled in 223ms (422 modules)
 ✓ Compiled in 227ms (422 modules)
 ✓ Compiled in 223ms (422 modules)
 ✓ Compiled in 226ms (422 modules)
 ✓ Compiled in 245ms (422 modules)
 ✓ Compiled in 239ms (422 modules)
 ✓ Compiled in 227ms (422 modules)
 ✓ Compiled in 235ms (422 modules)
 ✓ Compiled in 223ms (422 modules)
 ✓ Compiled in 251ms (422 modules)
 ✓ Compiled in 231ms (422 modules)
 ✓ Compiled in 258ms (422 modules)
 ✓ Compiled in 234ms (422 modules)
 ✓ Compiled in 240ms (422 modules)
 ✓ Compiled in 237ms (422 modules)
 ✓ Compiled in 233ms (422 modules)
 ✓ Compiled in 227ms (422 modules)
 ✓ Compiled in 223ms (422 modules)
 ✓ Compiled in 258ms (422 modules)
 ✓ Compiled in 254ms (422 modules)
 ✓ Compiled in 227ms (422 modules)
 ✓ Compiled in 230ms (422 modules)
 ✓ Compiled in 369ms (422 modules)
 GET / 200 in 187ms
 ✓ Compiled in 354ms (422 modules)
 ✓ Compiled in 290ms (422 modules)
 ✓ Compiled in 258ms (422 modules)
 ✓ Compiled in 269ms (422 modules)
 ○ Compiling /api/sheets ...
 ✓ Compiled /api/sheets in 3.1s (1980 modules)
Fetching sheet data for: 1D6zM_I-l5YB5Epc-vO9axHdeWeNQAWBzXKIzSJBWWI0
 GET / 200 in 3080ms
 ✓ Compiled in 3.2s (423 modules)
 GET / 200 in 191ms
 ✓ Compiled in 254ms (423 modules)
 GET / 200 in 198ms
 ✓ Compiled in 267ms (423 modules)
 GET / 200 in 203ms
Successfully fetched 51 rows from Google Sheets
 GET /api/sheets?sheetId=1D6zM_I-l5YB5Epc-vO9axHdeWeNQAWBzXKIzSJBWWI0 200 in 6798ms
 ✓ Compiled in 281ms (423 modules)
 GET / 200 in 213ms
 ✓ Compiled in 285ms (423 modules)
 GET / 200 in 199ms
 ✓ Compiled in 261ms (423 modules)
 GET / 200 in 203ms
 ✓ Compiled in 325ms (423 modules)
 GET / 200 in 216ms
 ✓ Compiled in 282ms (423 modules)
 GET / 200 in 198ms
 ✓ Compiled in 262ms (423 modules)
 GET / 200 in 202ms
 ✓ Compiled in 262ms (423 modules)
 GET / 200 in 192ms
 ✓ Compiled in 257ms (423 modules)
 GET / 200 in 225ms
 ✓ Compiled in 297ms (423 modules)
 GET / 200 in 212ms
 ✓ Compiled in 294ms (423 modules)
 GET / 200 in 214ms
 ✓ Compiled in 290ms (423 modules)
 GET / 200 in 244ms
 ✓ Compiled in 317ms (423 modules)
 GET / 200 in 234ms
 ✓ Compiled in 306ms (423 modules)
 GET / 200 in 240ms
 ✓ Compiled in 314ms (423 modules)
 GET / 200 in 244ms
 ✓ Compiled in 318ms (423 modules)
 GET / 200 in 235ms
 ✓ Compiled in 306ms (423 modules)
 GET / 200 in 214ms
 ✓ Compiled in 282ms (423 modules)
 GET / 200 in 219ms
 ✓ Compiled in 294ms (423 modules)
 GET / 200 in 233ms
 ✓ Compiled in 314ms (423 modules)
 GET / 200 in 257ms
 ✓ Compiled in 335ms (423 modules)
 GET / 200 in 294ms
 ✓ Compiled in 322ms (423 modules)
 GET / 200 in 241ms
 ✓ Compiled in 314ms (423 modules)
 GET / 200 in 230ms
 ✓ Compiled in 309ms (423 modules)
 GET / 200 in 230ms
 ✓ Compiled in 304ms (423 modules)
 GET / 200 in 213ms
 ✓ Compiled in 282ms (423 modules)
 GET / 200 in 218ms
 ✓ Compiled in 291ms (423 modules)
 GET / 200 in 215ms
 ✓ Compiled in 286ms (423 modules)
 GET / 200 in 236ms
 ✓ Compiled in 317ms (423 modules)
 GET / 200 in 268ms
 ✓ Compiled in 361ms (423 modules)
 GET / 200 in 229ms
 ✓ Compiled in 303ms (423 modules)
 GET / 200 in 233ms
 ✓ Compiled in 305ms (423 modules)
 GET / 200 in 228ms
 ✓ Compiled in 301ms (423 modules)
 GET / 200 in 258ms
 ✓ Compiled in 333ms (423 modules)
 GET / 200 in 228ms
 ✓ Compiled in 309ms (423 modules)
 GET / 200 in 232ms
 ✓ Compiled in 309ms (423 modules)
 GET / 200 in 261ms
 ✓ Compiled in 339ms (423 modules)
 GET / 200 in 252ms
 ✓ Compiled in 322ms (423 modules)
 GET / 200 in 250ms
 ✓ Compiled in 332ms (423 modules)
 GET / 200 in 221ms
 ✓ Compiled in 294ms (423 modules)
 GET / 200 in 236ms
 ✓ Compiled in 310ms (423 modules)
 GET / 200 in 228ms
 ✓ Compiled in 303ms (423 modules)
 GET / 200 in 199ms
 ✓ Compiled in 267ms (423 modules)
 GET / 200 in 241ms
 ✓ Compiled in 315ms (423 modules)
 GET / 200 in 240ms
 ✓ Compiled in 312ms (423 modules)
 GET / 200 in 270ms
 ✓ Compiled in 318ms (423 modules)
 GET / 200 in 223ms
 ✓ Compiled in 297ms (423 modules)
 GET / 200 in 209ms
 ✓ Compiled in 281ms (423 modules)
 GET / 200 in 240ms
 ✓ Compiled in 316ms (423 modules)
 GET / 200 in 222ms
 ✓ Compiled in 294ms (423 modules)
 GET / 200 in 239ms
 ✓ Compiled in 317ms (423 modules)
 GET / 200 in 235ms
 ✓ Compiled in 310ms (423 modules)
 GET / 200 in 212ms
 ✓ Compiled in 285ms (423 modules)
 GET / 200 in 231ms
 ✓ Compiled in 305ms (423 modules)
 GET / 200 in 232ms
 ✓ Compiled in 302ms (423 modules)
 GET / 200 in 221ms
 ✓ Compiled in 294ms (423 modules)
 GET / 200 in 211ms
 ✓ Compiled in 282ms (423 modules)
 GET / 200 in 204ms
 ✓ Compiled in 278ms (423 modules)
 GET / 200 in 225ms
 ✓ Compiled in 299ms (423 modules)
 GET / 200 in 215ms
 ✓ Compiled in 286ms (423 modules)
 GET / 200 in 217ms
 ✓ Compiled in 283ms (423 modules)
 GET / 200 in 224ms
 ✓ Compiled in 295ms (423 modules)
 GET / 200 in 229ms
 ✓ Compiled in 309ms (423 modules)
 GET / 200 in 237ms
 ✓ Compiled in 311ms (423 modules)
 GET / 200 in 250ms
 ✓ Compiled in 328ms (423 modules)
 GET / 200 in 240ms
 ✓ Compiled in 315ms (423 modules)
 GET / 200 in 242ms
 ✓ Compiled in 324ms (423 modules)
 GET / 200 in 242ms
 ✓ Compiled in 317ms (423 modules)
 GET / 200 in 371ms
 ✓ Compiled in 496ms (423 modules)
 GET / 200 in 228ms
 ✓ Compiled in 303ms (423 modules)
 GET / 200 in 237ms
 ✓ Compiled in 308ms (423 modules)
 GET / 200 in 203ms
 ✓ Compiled in 282ms (423 modules)
 GET / 200 in 221ms
 ✓ Compiled in 294ms (423 modules)
 GET / 200 in 227ms
 ✓ Compiled in 306ms (423 modules)
 GET / 200 in 245ms
 ✓ Compiled in 318ms (423 modules)
 GET / 200 in 230ms
 ✓ Compiled in 308ms (423 modules)
 GET / 200 in 200ms
 ✓ Compiled in 273ms (423 modules)
 GET / 200 in 228ms
 ✓ Compiled in 315ms (423 modules)
 GET / 200 in 236ms
 ✓ Compiled in 304ms (423 modules)
 GET / 200 in 234ms
 ✓ Compiled in 301ms (423 modules)
 GET / 200 in 229ms
 ✓ Compiled in 298ms (423 modules)
 GET / 200 in 239ms
 ✓ Compiled in 311ms (423 modules)
 GET / 200 in 215ms
 ✓ Compiled in 289ms (423 modules)
 GET / 200 in 216ms
 ✓ Compiled in 290ms (423 modules)
 GET / 200 in 227ms
 ✓ Compiled in 296ms (423 modules)
 GET / 200 in 227ms
 ✓ Compiled in 301ms (423 modules)
 GET / 200 in 218ms
 ✓ Compiled in 299ms (423 modules)
 GET / 200 in 231ms
 ✓ Compiled in 307ms (423 modules)
 GET / 200 in 253ms
 ✓ Compiled in 326ms (423 modules)
 GET / 200 in 267ms
 ✓ Compiled in 336ms (423 modules)
 GET / 200 in 246ms
 ✓ Compiled in 315ms (423 modules)
 GET / 200 in 234ms
 ✓ Compiled in 309ms (423 modules)
 GET / 200 in 237ms
 ✓ Compiled in 312ms (423 modules)
 GET / 200 in 217ms
 ✓ Compiled in 291ms (423 modules)
 GET / 200 in 229ms
 ✓ Compiled in 299ms (423 modules)
 GET / 200 in 241ms
 ✓ Compiled in 310ms (423 modules)
 GET / 200 in 243ms
 ✓ Compiled in 321ms (423 modules)
 GET / 200 in 228ms
 ✓ Compiled in 299ms (423 modules)
 GET / 200 in 221ms
 ✓ Compiled in 290ms (423 modules)
 GET / 200 in 230ms
 ✓ Compiled in 300ms (423 modules)
 GET / 200 in 249ms
 ✓ Compiled in 322ms (423 modules)
 GET / 200 in 240ms
 ✓ Compiled in 317ms (423 modules)
 GET / 200 in 256ms
 ✓ Compiled in 340ms (423 modules)
 GET / 200 in 242ms
 ✓ Compiled in 312ms (423 modules)
 GET / 200 in 251ms
 ✓ Compiled in 322ms (423 modules)
 GET / 200 in 223ms
 ✓ Compiled in 299ms (423 modules)
 GET / 200 in 227ms
 ✓ Compiled in 306ms (423 modules)
 GET / 200 in 236ms
 ✓ Compiled in 339ms (423 modules)
 GET / 200 in 260ms
 ✓ Compiled in 335ms (423 modules)
 GET / 200 in 239ms
 ○ Compiling /settings ...
 ✓ Compiled /settings in 1186ms (2029 modules)
 GET /settings 200 in 1322ms
 ✓ Compiled in 456ms (446 modules)
 GET /settings 200 in 240ms
 ✓ Compiled in 329ms (446 modules)
 ✓ Compiled in 300ms (446 modules)
 GET /settings 200 in 493ms
 ✓ Compiled in 307ms (446 modules)
 GET /settings 200 in 121ms
 ✓ Compiled in 320ms (446 modules)
 GET /settings 200 in 114ms
 GET /settings 200 in 243ms
 ✓ Compiled in 330ms (446 modules)
 GET /settings 200 in 240ms
 ✓ Compiled in 323ms (446 modules)
 GET /settings 200 in 255ms
 ✓ Compiled in 346ms (446 modules)
 GET /settings 200 in 262ms
 ✓ Compiled in 350ms (446 modules)
 GET /settings 200 in 254ms
 ✓ Compiled in 335ms (446 modules)
 GET /settings 200 in 245ms
 ✓ Compiled in 321ms (446 modules)
 GET /settings 200 in 252ms
 ✓ Compiled in 331ms (446 modules)
 GET /settings 200 in 240ms
 ✓ Compiled in 315ms (446 modules)
 GET /settings 200 in 238ms
 ✓ Compiled in 315ms (446 modules)
 GET /settings 200 in 241ms
 ✓ Compiled in 325ms (446 modules)
 GET /settings 200 in 283ms
 ✓ Compiled in 378ms (446 modules)
 GET /settings 200 in 238ms
 ✓ Compiled in 319ms (446 modules)
 GET /settings 200 in 237ms
 ✓ Compiled in 319ms (446 modules)
 GET /settings 200 in 233ms
 ✓ Compiled in 312ms (446 modules)
 GET /settings 200 in 233ms
 ✓ Compiled in 309ms (446 modules)
 GET /settings 200 in 251ms
 ✓ Compiled in 335ms (446 modules)
 GET /settings 200 in 252ms
 ✓ Compiled in 329ms (446 modules)
 GET /settings 200 in 262ms
 ✓ Compiled in 344ms (446 modules)
 GET /settings 200 in 241ms
 ✓ Compiled in 321ms (446 modules)
 GET /settings 200 in 242ms
 ✓ Compiled in 330ms (446 modules)
 GET /settings 200 in 254ms
 ✓ Compiled in 342ms (446 modules)
 GET /settings 200 in 248ms
 ✓ Compiled in 329ms (446 modules)
 GET /settings 200 in 271ms
 ✓ Compiled in 346ms (446 modules)
 GET /settings 200 in 259ms
 ✓ Compiled in 343ms (446 modules)
 GET /settings 200 in 248ms
 ✓ Compiled in 435ms (446 modules)
 GET / 200 in 225ms
 ✓ Compiled in 298ms (446 modules)
 ✓ Compiled in 273ms (446 modules)
 ✓ Compiled in 296ms (446 modules)
 ✓ Compiled in 330ms (446 modules)
Fetching sheet data for: 1D6zM_I-l5YB5Epc-vO9axHdeWeNQAWBzXKIzSJBWWI0
 ✓ Compiled in 1024ms (446 modules)
 GET / 200 in 237ms
 ✓ Compiled in 320ms (446 modules)
 GET / 200 in 236ms
Successfully fetched 51 rows from Google Sheets
 GET /api/sheets?sheetId=1D6zM_I-l5YB5Epc-vO9axHdeWeNQAWBzXKIzSJBWWI0 200 in 1574ms
 ✓ Compiled in 330ms (446 modules)
 GET / 200 in 209ms
 ✓ Compiled in 294ms (446 modules)
 ✓ Compiled in 287ms (446 modules)
 ✓ Compiled in 280ms (446 modules)
 ✓ Compiled in 260ms (446 modules)
 ✓ Compiled in 293ms (446 modules)
 ✓ Compiled in 275ms (446 modules)
 ✓ Compiled in 299ms (446 modules)
 ✓ Compiled in 285ms (446 modules)
 ✓ Compiled in 283ms (446 modules)
 ✓ Compiled in 320ms (446 modules)
 ✓ Compiled in 301ms (446 modules)
 ✓ Compiled in 280ms (446 modules)
 ✓ Compiled in 301ms (446 modules)
 ✓ Compiled in 298ms (446 modules)
 ✓ Compiled in 292ms (446 modules)
 GET /settings 200 in 223ms
 ✓ Compiled in 298ms (446 modules)
 GET /settings 200 in 302ms
 ✓ Compiled in 351ms (446 modules)
 GET /settings 200 in 151ms
 ✓ Compiled in 333ms (446 modules)
 GET /settings 200 in 127ms
 ✓ Compiled in 320ms (446 modules)
 GET /settings 200 in 120ms
 ✓ Compiled in 319ms (446 modules)
 GET /settings 200 in 109ms
 GET /settings 200 in 243ms
 ✓ Compiled in 326ms (446 modules)
 GET /settings 200 in 300ms
 ✓ Compiled in 332ms (446 modules)
 GET /settings 200 in 136ms
 ✓ Compiled in 309ms (446 modules)
 GET /settings 200 in 122ms
 ✓ Compiled in 309ms (446 modules)
 GET /settings 200 in 121ms
 ✓ Compiled in 300ms (446 modules)
 GET /settings 200 in 108ms
 ✓ Compiled in 338ms (446 modules)
 GET /settings 200 in 137ms
 ✓ Compiled in 349ms (446 modules)
 GET /settings 200 in 126ms
 ✓ Compiled in 311ms (446 modules)
 GET /settings 200 in 118ms
 ✓ Compiled in 301ms (446 modules)
 GET /settings 200 in 120ms
 ✓ Compiled in 293ms (446 modules)
 GET /settings 200 in 118ms
 ✓ Compiled in 333ms (446 modules)
 GET /settings 200 in 116ms
 GET /settings 200 in 241ms
 ✓ Compiled in 319ms (446 modules)
 GET /settings 200 in 270ms
 ✓ Compiled in 318ms (446 modules)
 GET /settings 200 in 117ms
 GET /settings 200 in 228ms
 ✓ Compiled in 324ms (446 modules)
 GET /settings 200 in 285ms
 ✓ Compiled in 320ms (446 modules)
 GET /settings 200 in 117ms
 GET /settings 200 in 238ms
 ✓ Compiled in 329ms (446 modules)
 GET /settings 200 in 321ms
 ✓ Compiled in 342ms (446 modules)
 GET /settings 200 in 132ms
 ✓ Compiled in 338ms (446 modules)
 GET /settings 200 in 125ms
 ✓ Compiled in 309ms (446 modules)
 GET /settings 200 in 118ms
 ✓ Compiled in 319ms (446 modules)
 GET /settings 200 in 125ms
 ✓ Compiled in 345ms (446 modules)
 GET /settings 200 in 118ms
 GET /settings 200 in 234ms
 ✓ Compiled in 328ms (446 modules)
 GET /settings 200 in 300ms
 ✓ Compiled in 325ms (446 modules)
 GET /settings 200 in 128ms
 ✓ Compiled in 334ms (446 modules)
 GET /settings 200 in 141ms
 ✓ Compiled in 324ms (446 modules)
 GET /settings 200 in 140ms
 ✓ Compiled in 344ms (446 modules)
 GET /settings 200 in 117ms
 ✓ Compiled in 316ms (446 modules)
 GET /settings 200 in 128ms
 ✓ Compiled in 308ms (446 modules)
 GET /settings 200 in 120ms
 ✓ Compiled in 311ms (446 modules)
 GET /settings 200 in 122ms
 ✓ Compiled in 305ms (446 modules)
 GET /settings 200 in 126ms
 ✓ Compiled in 322ms (446 modules)
 GET /settings 200 in 123ms
 ✓ Compiled in 305ms (446 modules)
 GET /settings 200 in 119ms
 ✓ Compiled in 294ms (446 modules)
 GET /settings 200 in 118ms
 ✓ Compiled in 348ms (446 modules)
 GET /settings 200 in 144ms
 ✓ Compiled in 332ms (446 modules)
 GET /settings 200 in 122ms
 ✓ Compiled in 318ms (446 modules)
 GET /settings 200 in 118ms
 ✓ Compiled in 305ms (446 modules)
 GET /settings 200 in 117ms
 ✓ Compiled in 282ms (446 modules)
 GET /settings 200 in 116ms
 ✓ Compiled in 329ms (446 modules)
 GET /settings 200 in 116ms
 GET /settings 200 in 234ms
 ✓ Compiled in 310ms (446 modules)
 GET /settings 200 in 267ms
 ✓ Compiled in 307ms (446 modules)
 GET /settings 200 in 115ms
 ✓ Compiled in 321ms (446 modules)
 GET /settings 200 in 132ms
 ✓ Compiled in 322ms (446 modules)
 GET /settings 200 in 118ms
 ✓ Compiled in 304ms (446 modules)
 GET /settings 200 in 131ms
 ✓ Compiled in 336ms (446 modules)
 GET /settings 200 in 122ms
 ✓ Compiled in 327ms (446 modules)
 GET /settings 200 in 127ms
 ✓ Compiled in 294ms (446 modules)
 GET /settings 200 in 104ms
 ✓ Compiled in 321ms (446 modules)
 GET /settings 200 in 132ms
 ✓ Compiled in 319ms (446 modules)
 GET /settings 200 in 120ms
 ✓ Compiled in 297ms (446 modules)
 GET /settings 200 in 120ms
 ✓ Compiled in 317ms (446 modules)
 GET /settings 200 in 122ms
 ✓ Compiled in 353ms (446 modules)
 GET /settings 200 in 143ms
 ✓ Compiled in 337ms (446 modules)
 GET /settings 200 in 136ms
 ✓ Compiled in 332ms (446 modules)
 GET /settings 200 in 128ms
 ✓ Compiled in 333ms (446 modules)
 GET /settings 200 in 128ms
 ✓ Compiled in 341ms (446 modules)
 GET /settings 200 in 114ms
 GET /settings 200 in 248ms
 ✓ Compiled in 336ms (446 modules)
 GET /settings 200 in 311ms
 ✓ Compiled in 349ms (446 modules)
 GET /settings 200 in 119ms
 GET /settings 200 in 231ms
 ✓ Compiled in 329ms (446 modules)
 GET /settings 200 in 312ms
 ✓ Compiled in 356ms (446 modules)
 GET /settings 200 in 126ms
 GET /settings 200 in 228ms
 ✓ Compiled in 318ms (446 modules)
 GET /settings 200 in 305ms
 ✓ Compiled in 324ms (446 modules)
 GET /settings 200 in 125ms
 ✓ Compiled in 326ms (446 modules)
 GET /settings 200 in 129ms
 ✓ Compiled in 328ms (446 modules)
 GET /settings 200 in 121ms
 ✓ Compiled in 326ms (446 modules)
 GET /settings 200 in 117ms
 ✓ Compiled in 335ms (446 modules)
 GET /settings 200 in 136ms
 ✓ Compiled in 347ms (446 modules)
 GET /settings 200 in 135ms
 ✓ Compiled in 311ms (446 modules)
 GET /settings 200 in 133ms
 ✓ Compiled in 336ms (446 modules)
 GET /settings 200 in 130ms
 ✓ Compiled in 339ms (446 modules)
 GET /settings 200 in 130ms
 ✓ Compiled in 343ms (446 modules)
 GET /settings 200 in 117ms
 GET /settings 200 in 241ms
 ✓ Compiled in 329ms (446 modules)
 GET /settings 200 in 329ms
 ✓ Compiled in 363ms (446 modules)
 GET /settings 200 in 131ms
 ✓ Compiled in 338ms (446 modules)
 GET /settings 200 in 122ms
 ✓ Compiled in 341ms (446 modules)
 GET /settings 200 in 125ms
 ✓ Compiled in 356ms (446 modules)
 GET /settings 200 in 127ms
 GET /settings 200 in 269ms
 ✓ Compiled in 361ms (446 modules)
 GET /settings 200 in 319ms
 ✓ Compiled in 346ms (446 modules)
 GET /settings 200 in 121ms
 ✓ Compiled in 310ms (446 modules)
 GET /settings 200 in 123ms
 ✓ Compiled in 320ms (446 modules)
 GET /settings 200 in 123ms
 ✓ Compiled in 323ms (446 modules)
 GET /settings 200 in 134ms
 ✓ Compiled in 337ms (446 modules)
 GET /settings 200 in 134ms
 ✓ Compiled in 343ms (446 modules)
 GET /settings 200 in 127ms
 ✓ Compiled in 359ms (446 modules)
 GET /settings 200 in 135ms
 ✓ Compiled in 344ms (446 modules)
 GET /settings 200 in 112ms
 GET /settings 200 in 253ms
 ✓ Compiled in 352ms (446 modules)
 GET /settings 200 in 348ms
 ✓ Compiled in 370ms (446 modules)
 GET /settings 200 in 109ms
 GET /settings 200 in 253ms
 ✓ Compiled in 349ms (446 modules)
 GET /settings 200 in 333ms
 ✓ Compiled in 369ms (446 modules)
 GET /settings 200 in 124ms
 GET /settings 200 in 245ms
 ✓ Compiled in 341ms (446 modules)
 GET /settings 200 in 338ms
 ✓ Compiled in 364ms (446 modules)
 GET /settings 200 in 114ms
 GET /settings 200 in 247ms
 ✓ Compiled in 338ms (446 modules)
 GET /settings 200 in 302ms
 ✓ Compiled in 357ms (446 modules)
 GET /settings 200 in 250ms
 ✓ Compiled in 338ms (446 modules)
 GET /settings 200 in 263ms
 ✓ Compiled in 350ms (446 modules)
 GET /settings 200 in 256ms
 ✓ Compiled in 348ms (446 modules)
 GET /settings 200 in 260ms
 ✓ Compiled in 349ms (446 modules)
 GET /settings 200 in 256ms
 ✓ Compiled in 334ms (446 modules)
 GET /settings 200 in 254ms
 ✓ Compiled in 341ms (446 modules)
 GET /settings 200 in 265ms
 ✓ Compiled in 347ms (446 modules)
 GET /settings 200 in 268ms
 ✓ Compiled in 351ms (446 modules)
 GET /settings 200 in 267ms
 ✓ Compiled in 353ms (446 modules)
 GET /settings 200 in 254ms
 ✓ Compiled in 342ms (446 modules)
 GET /settings 200 in 295ms
 ✓ Compiled in 386ms (446 modules)
 GET /settings 200 in 252ms
 ✓ Compiled in 339ms (446 modules)
 GET /settings 200 in 233ms
 ✓ Compiled in 322ms (446 modules)
 GET /settings 200 in 254ms
 ✓ Compiled in 337ms (446 modules)
 GET /settings 200 in 233ms
 ✓ Compiled in 322ms (446 modules)
 GET /settings 200 in 244ms
 ✓ Compiled in 336ms (446 modules)
 GET /settings 200 in 255ms
 ✓ Compiled in 334ms (446 modules)
 GET /settings 200 in 235ms
 ✓ Compiled in 306ms (446 modules)
 GET /settings 200 in 254ms
 ✓ Compiled in 343ms (446 modules)
 GET /settings 200 in 240ms
 ✓ Compiled in 322ms (446 modules)
 GET /settings 200 in 235ms
 ✓ Compiled in 315ms (446 modules)
 GET /settings 200 in 235ms
 ✓ Compiled in 316ms (446 modules)
 GET /settings 200 in 255ms
 ✓ Compiled in 335ms (446 modules)
 GET /settings 200 in 245ms
 ✓ Compiled in 324ms (446 modules)
 GET /settings 200 in 228ms
 ✓ Compiled in 307ms (446 modules)
 GET /settings 200 in 240ms
 ✓ Compiled in 312ms (446 modules)
 GET /settings 200 in 240ms
 ✓ Compiled in 324ms (446 modules)
 GET /settings 200 in 262ms
 ✓ Compiled in 349ms (446 modules)
 GET /settings 200 in 246ms
 ✓ Compiled in 665ms (446 modules)
 GET /settings 200 in 351ms
 ✓ Compiled in 439ms (446 modules)
 GET /settings 200 in 252ms
 ✓ Compiled in 335ms (446 modules)
 GET /settings 200 in 256ms
 ✓ Compiled in 341ms (446 modules)
 GET /settings 200 in 220ms
 ✓ Compiled in 304ms (446 modules)
 GET /settings 200 in 240ms
 ✓ Compiled in 325ms (446 modules)
 GET /settings 200 in 245ms
 ✓ Compiled in 327ms (446 modules)
 GET /settings 200 in 241ms
 ✓ Compiled in 328ms (446 modules)
 GET /settings 200 in 236ms
 ✓ Compiled in 312ms (446 modules)
 GET /settings 200 in 246ms
 ✓ Compiled in 324ms (446 modules)
 GET /settings 200 in 241ms
 ✓ Compiled in 326ms (446 modules)
 GET /settings 200 in 224ms
 ✓ Compiled in 305ms (446 modules)
 GET /settings 200 in 262ms
 ✓ Compiled in 335ms (446 modules)
 GET /settings 200 in 226ms
 ✓ Compiled in 305ms (446 modules)
 GET /settings 200 in 235ms
 ✓ Compiled in 312ms (446 modules)
 GET /settings 200 in 237ms
 ✓ Compiled in 318ms (446 modules)
 GET /settings 200 in 238ms
 ✓ Compiled in 322ms (446 modules)
 GET /settings 200 in 251ms
 ✓ Compiled in 334ms (446 modules)
 GET /settings 200 in 230ms
 ✓ Compiled in 319ms (446 modules)
 GET /settings 200 in 291ms
 ✓ Compiled in 377ms (446 modules)
 GET /settings 200 in 249ms
 ✓ Compiled in 336ms (446 modules)
 GET / 200 in 349ms
 ✓ Compiled in 379ms (446 modules)
 ✓ Compiled in 284ms (446 modules)
 ✓ Compiled in 279ms (446 modules)
 ✓ Compiled in 329ms (446 modules)
Fetching sheet data for: 1D6zM_I-l5YB5Epc-vO9axHdeWeNQAWBzXKIzSJBWWI0
 ✓ Compiled in 317ms (446 modules)
 GET / 200 in 227ms
 ✓ Compiled in 312ms (446 modules)
 GET / 200 in 240ms
Successfully fetched 51 rows from Google Sheets
 GET /api/sheets?sheetId=1D6zM_I-l5YB5Epc-vO9axHdeWeNQAWBzXKIzSJBWWI0 200 in 675ms
 ✓ Compiled in 325ms (446 modules)
 GET / 200 in 230ms
 ✓ Compiled in 319ms (446 modules)
 ✓ Compiled in 292ms (446 modules)
 ✓ Compiled in 319ms (446 modules)
 ✓ Compiled in 321ms (446 modules)
 ✓ Compiled in 321ms (446 modules)
 ✓ Compiled in 383ms (446 modules)
 ✓ Compiled in 285ms (446 modules)
 ✓ Compiled in 267ms (446 modules)
 ✓ Compiled in 276ms (446 modules)
 ✓ Compiled in 260ms (446 modules)
 ✓ Compiled in 264ms (446 modules)
 ✓ Compiled in 279ms (446 modules)
 ✓ Compiled in 283ms (446 modules)
 ✓ Compiled in 268ms (446 modules)
 ✓ Compiled in 278ms (446 modules)
 ✓ Compiled in 266ms (446 modules)
 ✓ Compiled in 272ms (446 modules)
 ✓ Compiled in 284ms (446 modules)
 ✓ Compiled in 290ms (446 modules)
 ✓ Compiled in 275ms (446 modules)
 ✓ Compiled in 284ms (446 modules)
 ✓ Compiled in 273ms (446 modules)
 ✓ Compiled in 269ms (446 modules)
 ✓ Compiled in 271ms (446 modules)
 ✓ Compiled in 276ms (446 modules)
 ✓ Compiled in 282ms (446 modules)
 ✓ Compiled in 298ms (446 modules)
 ✓ Compiled in 281ms (446 modules)
 ✓ Compiled in 292ms (446 modules)
 ✓ Compiled in 271ms (446 modules)
 ✓ Compiled in 318ms (446 modules)
 ✓ Compiled in 278ms (446 modules)
 ✓ Compiled in 294ms (446 modules)
 ✓ Compiled in 270ms (446 modules)
 ✓ Compiled in 283ms (446 modules)
 ✓ Compiled in 271ms (446 modules)
 ✓ Compiled in 280ms (446 modules)
 ✓ Compiled in 285ms (446 modules)
 ✓ Compiled in 303ms (446 modules)
 ✓ Compiled in 263ms (446 modules)
 ✓ Compiled in 291ms (446 modules)
 ✓ Compiled in 268ms (446 modules)
 ✓ Compiled in 281ms (446 modules)
 ✓ Compiled in 295ms (446 modules)
 ✓ Compiled in 269ms (446 modules)
 ✓ Compiled in 281ms (446 modules)
 ✓ Compiled in 312ms (446 modules)
 ✓ Compiled in 277ms (446 modules)
 ✓ Compiled in 268ms (446 modules)
 ✓ Compiled in 273ms (446 modules)
 ✓ Compiled in 283ms (446 modules)
 ✓ Compiled in 278ms (446 modules)
 ✓ Compiled in 268ms (446 modules)
 ✓ Compiled in 284ms (446 modules)
 ✓ Compiled in 284ms (446 modules)
 ✓ Compiled in 282ms (446 modules)
 ✓ Compiled in 288ms (446 modules)
 ✓ Compiled in 273ms (446 modules)
 ✓ Compiled in 280ms (446 modules)
 ✓ Compiled in 285ms (446 modules)
 ✓ Compiled in 280ms (446 modules)
 ✓ Compiled in 291ms (446 modules)
 ✓ Compiled in 279ms (446 modules)
 ✓ Compiled in 285ms (446 modules)
 ✓ Compiled in 282ms (446 modules)
 ✓ Compiled in 274ms (446 modules)
 ✓ Compiled in 294ms (446 modules)
 ✓ Compiled in 270ms (446 modules)
 ✓ Compiled in 285ms (446 modules)
 ✓ Compiled in 295ms (446 modules)
 ✓ Compiled in 278ms (446 modules)
 ✓ Compiled in 281ms (446 modules)
 ✓ Compiled in 284ms (446 modules)
 ✓ Compiled in 280ms (446 modules)
 ✓ Compiled in 298ms (446 modules)
 ✓ Compiled in 272ms (446 modules)
 ✓ Compiled in 285ms (446 modules)
 ✓ Compiled in 305ms (446 modules)
 ✓ Compiled in 312ms (446 modules)
 ✓ Compiled in 347ms (446 modules)
 ✓ Compiled in 322ms (446 modules)
 ✓ Compiled in 346ms (446 modules)
 ✓ Compiled in 286ms (446 modules)
 ✓ Compiled in 266ms (446 modules)
 ✓ Compiled in 298ms (446 modules)
 ✓ Compiled in 286ms (446 modules)
 ✓ Compiled in 290ms (446 modules)
 ✓ Compiled in 270ms (446 modules)
 ✓ Compiled in 272ms (446 modules)
 ✓ Compiled in 296ms (446 modules)
 ✓ Compiled in 284ms (446 modules)
 ✓ Compiled in 281ms (446 modules)
 ✓ Compiled in 305ms (446 modules)
 ✓ Compiled in 314ms (446 modules)
 ✓ Compiled in 311ms (446 modules)
 ✓ Compiled in 293ms (446 modules)
 ✓ Compiled in 303ms (446 modules)
 ✓ Compiled in 299ms (446 modules)
 ✓ Compiled in 335ms (446 modules)
 ✓ Compiled in 441ms (446 modules)
 ✓ Compiled in 429ms (446 modules)
 ✓ Compiled in 317ms (446 modules)
 ✓ Compiled in 297ms (446 modules)
 ✓ Compiled in 289ms (446 modules)
 ✓ Compiled in 312ms (446 modules)
 ✓ Compiled in 333ms (446 modules)
 ✓ Compiled in 316ms (446 modules)
 ✓ Compiled in 300ms (446 modules)
 ✓ Compiled in 342ms (446 modules)
 ✓ Compiled in 350ms (446 modules)
 ✓ Compiled in 340ms (446 modules)
 ✓ Compiled in 279ms (446 modules)
 ✓ Compiled in 298ms (446 modules)
 ✓ Compiled in 308ms (446 modules)
 ✓ Compiled in 290ms (446 modules)
 ✓ Compiled in 304ms (446 modules)
 ✓ Compiled in 353ms (446 modules)
 ✓ Compiled in 299ms (446 modules)
 ✓ Compiled in 292ms (446 modules)
 ✓ Compiled in 287ms (446 modules)
 ✓ Compiled in 295ms (446 modules)
 ✓ Compiled in 262ms (446 modules)
 ✓ Compiled in 281ms (446 modules)
 ✓ Compiled in 276ms (446 modules)
 ✓ Compiled in 281ms (446 modules)
 ✓ Compiled in 284ms (446 modules)
 ✓ Compiled in 275ms (446 modules)
 ✓ Compiled in 275ms (446 modules)
 ✓ Compiled in 302ms (446 modules)
 ✓ Compiled in 262ms (446 modules)
 ✓ Compiled in 286ms (446 modules)
 ✓ Compiled in 289ms (446 modules)
 ✓ Compiled in 288ms (446 modules)
 ✓ Compiled in 287ms (446 modules)
 ✓ Compiled in 274ms (446 modules)
 ✓ Compiled in 282ms (446 modules)
 ✓ Compiled in 271ms (446 modules)
 ✓ Compiled in 262ms (446 modules)
 ✓ Compiled in 278ms (446 modules)
 ✓ Compiled in 280ms (446 modules)
 ✓ Compiled in 268ms (446 modules)
 ✓ Compiled in 279ms (446 modules)
 ✓ Compiled in 265ms (446 modules)
 ✓ Compiled in 267ms (446 modules)
 ✓ Compiled in 276ms (446 modules)
 ✓ Compiled in 270ms (446 modules)
 ✓ Compiled in 286ms (446 modules)
 ✓ Compiled in 291ms (446 modules)
 ✓ Compiled in 254ms (446 modules)
 ✓ Compiled in 279ms (446 modules)
 ✓ Compiled in 276ms (446 modules)
 ✓ Compiled in 269ms (446 modules)
 ✓ Compiled in 268ms (446 modules)
 ✓ Compiled in 281ms (446 modules)
 ✓ Compiled in 302ms (446 modules)
 ✓ Compiled in 310ms (446 modules)
 ✓ Compiled in 302ms (446 modules)
 ✓ Compiled in 327ms (446 modules)
 ✓ Compiled in 273ms (446 modules)
 ✓ Compiled in 314ms (446 modules)
 ✓ Compiled in 308ms (446 modules)
 ✓ Compiled in 283ms (446 modules)
 ✓ Compiled in 290ms (446 modules)
 ✓ Compiled in 281ms (446 modules)
 ✓ Compiled in 284ms (446 modules)
 ✓ Compiled in 322ms (446 modules)
 ✓ Compiled in 327ms (446 modules)
 ✓ Compiled in 271ms (446 modules)
 ✓ Compiled in 264ms (446 modules)
 ✓ Compiled in 284ms (446 modules)
 ✓ Compiled in 329ms (446 modules)
 ✓ Compiled in 350ms (446 modules)
 ✓ Compiled in 321ms (446 modules)
 ✓ Compiled in 303ms (446 modules)
 ✓ Compiled in 286ms (446 modules)
 ✓ Compiled in 256ms (446 modules)
 ✓ Compiled in 285ms (446 modules)
 ✓ Compiled in 253ms (446 modules)
 ✓ Compiled in 252ms (446 modules)
 ✓ Compiled in 300ms (446 modules)
 ✓ Compiled in 283ms (446 modules)
 ✓ Compiled in 252ms (446 modules)
 ✓ Compiled in 260ms (446 modules)
 ✓ Compiled in 262ms (446 modules)
 ✓ Compiled in 275ms (446 modules)
 ✓ Compiled in 254ms (446 modules)
 ✓ Compiled in 257ms (446 modules)
 ✓ Compiled in 241ms (446 modules)
 ✓ Compiled in 290ms (446 modules)
 ✓ Compiled in 308ms (446 modules)
 ✓ Compiled in 275ms (446 modules)
 ✓ Compiled in 327ms (446 modules)
 ✓ Compiled in 266ms (446 modules)
 ✓ Compiled in 295ms (446 modules)
 ✓ Compiled in 346ms (446 modules)
 ✓ Compiled in 329ms (446 modules)
 ✓ Compiled in 295ms (446 modules)
 ✓ Compiled in 378ms (446 modules)
 ✓ Compiled in 358ms (446 modules)
 ✓ Compiled in 381ms (446 modules)
 ✓ Compiled in 318ms (446 modules)
 ✓ Compiled in 284ms (446 modules)
 ✓ Compiled in 275ms (446 modules)
 ✓ Compiled in 268ms (446 modules)
 ✓ Compiled in 252ms (446 modules)
 ✓ Compiled in 307ms (446 modules)
 ✓ Compiled in 273ms (446 modules)
 ✓ Compiled in 271ms (446 modules)
 ✓ Compiled in 267ms (446 modules)
 ✓ Compiled in 297ms (446 modules)
 ✓ Compiled in 298ms (446 modules)
 ✓ Compiled in 280ms (446 modules)
 ✓ Compiled in 266ms (446 modules)
 ✓ Compiled in 286ms (446 modules)
 ✓ Compiled in 274ms (446 modules)
 ✓ Compiled in 243ms (446 modules)
 ✓ Compiled in 255ms (446 modules)
 ✓ Compiled in 284ms (446 modules)
 ✓ Compiled in 250ms (446 modules)
 ✓ Compiled in 287ms (446 modules)
 ✓ Compiled in 303ms (446 modules)
 ✓ Compiled in 252ms (446 modules)
 ✓ Compiled in 295ms (446 modules)
 ✓ Compiled in 269ms (446 modules)
 ✓ Compiled in 240ms (446 modules)
 ✓ Compiled in 300ms (446 modules)
 ✓ Compiled in 306ms (446 modules)
 ✓ Compiled in 277ms (446 modules)
 ✓ Compiled in 283ms (446 modules)
 ✓ Compiled in 306ms (446 modules)
 ✓ Compiled in 325ms (446 modules)
 ✓ Compiled in 327ms (446 modules)
 ✓ Compiled in 307ms (446 modules)
 ✓ Compiled in 276ms (446 modules)
 ✓ Compiled in 290ms (446 modules)
 ✓ Compiled in 318ms (446 modules)
 ✓ Compiled in 317ms (446 modules)
 ✓ Compiled in 286ms (446 modules)
 ✓ Compiled in 342ms (446 modules)
 ✓ Compiled in 284ms (446 modules)
 ✓ Compiled in 295ms (446 modules)
 ✓ Compiled in 299ms (446 modules)
 ✓ Compiled in 319ms (446 modules)
 ✓ Compiled in 308ms (446 modules)
 ✓ Compiled in 308ms (446 modules)
 ✓ Compiled in 263ms (446 modules)
 ✓ Compiled in 295ms (446 modules)
 ✓ Compiled in 275ms (446 modules)
 ✓ Compiled in 280ms (446 modules)
 ✓ Compiled in 284ms (446 modules)
 ✓ Compiled in 276ms (446 modules)
 ✓ Compiled in 282ms (446 modules)
 ✓ Compiled in 321ms (446 modules)
 ✓ Compiled in 309ms (446 modules)
 ✓ Compiled in 282ms (446 modules)
 ✓ Compiled in 278ms (446 modules)
 ✓ Compiled in 314ms (446 modules)
 ✓ Compiled in 296ms (446 modules)
 ✓ Compiled in 285ms (446 modules)
 ✓ Compiled in 298ms (446 modules)
 ✓ Compiled in 272ms (446 modules)
 ✓ Compiled in 284ms (446 modules)
 ✓ Compiled in 290ms (446 modules)
 ✓ Compiled in 304ms (446 modules)
 ✓ Compiled in 291ms (446 modules)
 ✓ Compiled in 286ms (446 modules)
 ✓ Compiled in 319ms (446 modules)
 ✓ Compiled in 393ms (446 modules)
 ✓ Compiled in 278ms (446 modules)
 ✓ Compiled in 314ms (446 modules)
 ✓ Compiled in 286ms (446 modules)
 ✓ Compiled in 292ms (446 modules)
 ✓ Compiled in 294ms (446 modules)
 ✓ Compiled in 277ms (446 modules)
 ✓ Compiled in 285ms (446 modules)
 ✓ Compiled in 270ms (446 modules)
 ✓ Compiled in 281ms (446 modules)
 ✓ Compiled in 278ms (446 modules)
 ✓ Compiled in 264ms (446 modules)
 ✓ Compiled in 274ms (446 modules)
 ✓ Compiled in 287ms (446 modules)
 ✓ Compiled in 271ms (446 modules)
 ✓ Compiled in 273ms (446 modules)
 ✓ Compiled in 276ms (446 modules)
 ✓ Compiled in 286ms (446 modules)
 ✓ Compiled in 303ms (446 modules)
 ✓ Compiled in 258ms (446 modules)
 ✓ Compiled in 293ms (446 modules)
 ✓ Compiled in 293ms (446 modules)
 ○ Compiling /api/clean-content ...
 ✓ Compiled /api/clean-content in 1662ms (966 modules)
 POST /api/clean-content 200 in 1612ms
 ✓ Compiled in 413ms (446 modules)
 ✓ Compiled in 288ms (446 modules)
 ✓ Compiled in 301ms (446 modules)
 ✓ Compiled in 305ms (446 modules)
 ✓ Compiled in 289ms (446 modules)
 ✓ Compiled in 299ms (446 modules)
 ✓ Compiled in 276ms (446 modules)
 ✓ Compiled in 286ms (446 modules)
 ✓ Compiled in 1216ms (446 modules)
 ✓ Compiled in 293ms (446 modules)
 ✓ Compiled in 280ms (446 modules)
 ✓ Compiled in 289ms (446 modules)
 ✓ Compiled in 287ms (446 modules)
 ✓ Compiled in 274ms (446 modules)
 ✓ Compiled in 333ms (446 modules)
 ✓ Compiled in 291ms (446 modules)
 ✓ Compiled in 281ms (446 modules)
 ✓ Compiled in 280ms (446 modules)
 ✓ Compiled in 285ms (446 modules)
 ✓ Compiled in 285ms (446 modules)
 ✓ Compiled in 288ms (446 modules)
 ✓ Compiled in 294ms (446 modules)
 ✓ Compiled in 311ms (446 modules)
 ✓ Compiled in 323ms (446 modules)
 ✓ Compiled in 308ms (446 modules)
 ✓ Compiled in 299ms (446 modules)
 ✓ Compiled in 301ms (446 modules)
 ✓ Compiled in 310ms (446 modules)
 ✓ Compiled in 306ms (446 modules)
 ✓ Compiled in 307ms (446 modules)
 ✓ Compiled in 317ms (446 modules)
 ✓ Compiled in 317ms (446 modules)
 ✓ Compiled in 305ms (446 modules)
 ✓ Compiled in 269ms (446 modules)
 ✓ Compiled in 302ms (446 modules)
 ✓ Compiled in 304ms (446 modules)
 ✓ Compiled in 322ms (446 modules)
 ✓ Compiled in 326ms (446 modules)
 ✓ Compiled in 303ms (446 modules)
 ✓ Compiled in 323ms (446 modules)
 ✓ Compiled in 327ms (446 modules)
 ✓ Compiled in 291ms (446 modules)
 ✓ Compiled in 303ms (446 modules)
 ✓ Compiled in 286ms (446 modules)
 ✓ Compiled in 300ms (446 modules)
 ✓ Compiled in 382ms (446 modules)
 ✓ Compiled in 314ms (446 modules)
 ✓ Compiled in 323ms (446 modules)
 ✓ Compiled in 291ms (446 modules)
 ✓ Compiled in 318ms (446 modules)
 ✓ Compiled in 290ms (446 modules)
 ✓ Compiled in 304ms (446 modules)
 ✓ Compiled in 287ms (446 modules)
 ✓ Compiled in 321ms (446 modules)
 ✓ Compiled in 297ms (446 modules)
 ✓ Compiled in 289ms (446 modules)
 ✓ Compiled in 287ms (446 modules)
 ✓ Compiled in 288ms (446 modules)
 ✓ Compiled in 293ms (446 modules)
 ✓ Compiled in 286ms (446 modules)
 ✓ Compiled in 277ms (446 modules)
 ✓ Compiled in 283ms (446 modules)
 ✓ Compiled in 280ms (446 modules)
 ✓ Compiled in 288ms (446 modules)
 ✓ Compiled in 295ms (446 modules)
 ✓ Compiled in 290ms (446 modules)
 ✓ Compiled in 339ms (446 modules)
 ✓ Compiled in 294ms (446 modules)
 ✓ Compiled in 322ms (446 modules)
 ✓ Compiled in 291ms (446 modules)
 ✓ Compiled in 286ms (446 modules)
 ✓ Compiled in 333ms (446 modules)
 ✓ Compiled in 399ms (446 modules)
 ✓ Compiled in 426ms (446 modules)
 ✓ Compiled in 349ms (446 modules)
 ✓ Compiled in 334ms (446 modules)
 ✓ Compiled in 297ms (446 modules)
 ✓ Compiled in 301ms (446 modules)
 ✓ Compiled in 307ms (446 modules)
 ✓ Compiled in 327ms (446 modules)
 ✓ Compiled in 314ms (446 modules)
 ✓ Compiled in 311ms (446 modules)
 ✓ Compiled in 325ms (446 modules)
 ✓ Compiled in 303ms (446 modules)
 ✓ Compiled in 311ms (446 modules)
 ✓ Compiled in 294ms (446 modules)
 ✓ Compiled in 269ms (446 modules)
 ✓ Compiled in 294ms (446 modules)
 ✓ Compiled in 277ms (446 modules)
 ✓ Compiled in 283ms (446 modules)
 ✓ Compiled in 278ms (446 modules)
 ✓ Compiled in 270ms (446 modules)
 ✓ Compiled in 293ms (446 modules)
 ✓ Compiled in 287ms (446 modules)
 ✓ Compiled in 285ms (446 modules)
 ✓ Compiled in 282ms (446 modules)
 ✓ Compiled in 279ms (446 modules)
 ✓ Compiled in 291ms (446 modules)
 ✓ Compiled in 293ms (446 modules)
 ✓ Compiled in 286ms (446 modules)
 ✓ Compiled in 288ms (446 modules)
 ✓ Compiled in 281ms (446 modules)
 ✓ Compiled in 272ms (446 modules)
 ✓ Compiled in 291ms (446 modules)
 ✓ Compiled in 287ms (446 modules)
 ✓ Compiled in 293ms (446 modules)
 ✓ Compiled in 292ms (446 modules)
 ✓ Compiled in 298ms (446 modules)
 ✓ Compiled in 306ms (446 modules)
 ✓ Compiled in 300ms (446 modules)
 ✓ Compiled in 288ms (446 modules)
 ✓ Compiled in 304ms (446 modules)
 ✓ Compiled in 280ms (446 modules)
 ✓ Compiled in 300ms (446 modules)
 ✓ Compiled in 286ms (446 modules)
 ✓ Compiled in 284ms (446 modules)
 ✓ Compiled in 284ms (446 modules)
 ✓ Compiled in 277ms (446 modules)
 ✓ Compiled in 295ms (446 modules)
 ✓ Compiled in 291ms (446 modules)
 ✓ Compiled in 327ms (446 modules)
 ✓ Compiled in 302ms (446 modules)
 ✓ Compiled in 272ms (446 modules)
 ✓ Compiled in 295ms (446 modules)
 ✓ Compiled in 301ms (446 modules)
 ✓ Compiled in 283ms (446 modules)
 ✓ Compiled in 297ms (446 modules)
[?25h
